[DEBUG][22-23-30][com.example.smtpserver.smtp.server.SmtpServer]Address already in use: bind
[INFO][22-23-30][com.example.smtpserver.smtp.server.SmtpServer]smtp server is running......
[DEBUG][22-24-30][com.example.smtpserver.smtp.server.SmtpServer]Address already in use: bind
[INFO][22-24-30][com.example.smtpserver.smtp.server.SmtpServer]smtp server is running......
[INFO][22-25-30][com.example.smtpserver.pop3.server.Pop3Server]pop3 server is running......
[INFO][22-25-30][com.example.smtpserver.smtp.server.SmtpServer]smtp server is running......
[INFO][22-45-02][com.example.smtpserver.pop3.server.Pop3Server]pop3 server is running......
[INFO][22-45-02][com.example.smtpserver.smtp.server.SmtpServer]smtp server is running......
[INFO][22-52-02][com.example.smtpserver.controller.LoginController]/login
[WARN][22-52-02][com.example.smtpserver.controller.LoginController]login: userNotFound!
[INFO][22-52-02][com.example.smtpserver.controller.LoginController]/login
[WARN][22-52-02][com.example.smtpserver.controller.LoginController]login: userNotFound!
[INFO][22-52-02][com.example.smtpserver.controller.LoginController]/login
[WARN][22-52-02][com.example.smtpserver.controller.LoginController]login: userNotFound!
[INFO][22-53-02][com.example.smtpserver.controller.LoginController]/login
[WARN][22-53-02][com.example.smtpserver.controller.LoginController]login: userNotFound!
[INFO][22-53-02][com.example.smtpserver.controller.LoginController]/login
[WARN][22-53-02][com.example.smtpserver.controller.LoginController]login: userNotFound!
[INFO][22-54-02][com.example.smtpserver.controller.LoginController]/login
[WARN][22-54-02][com.example.smtpserver.controller.LoginController]login: userNotFound!
[INFO][22-55-02][com.example.smtpserver.pop3.server.Pop3Server]pop3 server is running......
[INFO][22-55-02][com.example.smtpserver.smtp.server.SmtpServer]smtp server is running......
[INFO][22-05-02][com.example.smtpserver.controller.LoginController]/login
[ERROR][22-05-02][com.example.smtpserver.controller.LoginController]loginï¼šnull
[INFO][22-07-02][com.example.smtpserver.controller.LoginController]/login
[WARN][22-07-02][com.example.smtpserver.controller.LoginController]login: signTokenError!
[INFO][22-22-02][com.example.smtpserver.pop3.server.Pop3Server]pop3 server is running......
[INFO][22-22-02][com.example.smtpserver.smtp.server.SmtpServer]smtp server is running......
[INFO][22-23-02][com.example.smtpserver.controller.LoginController]/login
[INFO][22-25-02][com.example.smtpserver.controller.LoginController]/login
[INFO][22-51-02][com.example.smtpserver.controller.UserController]getUserList
[INFO][22-51-02][com.example.smtpserver.controller.UserController]getUserList
[INFO][22-51-02][com.example.smtpserver.controller.UserController]getUserList
[INFO][22-54-02][com.example.smtpserver.controller.UserController]getUserList
[INFO][22-00-02][com.example.smtpserver.controller.UserController]getUserList
[INFO][22-02-02][com.example.smtpserver.controller.UserController]getUserList
[INFO][22-03-02][com.example.smtpserver.controller.UserController]getUserList
[INFO][22-05-02][com.example.smtpserver.controller.UserController]getUserList
[INFO][22-06-02][com.example.smtpserver.controller.UserController]getUserList
[INFO][22-07-02][com.example.smtpserver.controller.UserController]getUserList
[INFO][22-08-02][com.example.smtpserver.controller.UserController]getUserList
[INFO][22-08-02][com.example.smtpserver.controller.UserController]getUserList
[INFO][22-10-02][com.example.smtpserver.controller.UserController]getUserList
[INFO][22-58-03][com.example.smtpserver.pop3.server.Pop3Server]pop3 server is running......
[INFO][22-58-03][com.example.smtpserver.smtp.server.SmtpServer]smtp server is running......
[INFO][22-06-03][com.example.smtpserver.controller.UserController]getUserList
[INFO][22-08-03][com.example.smtpserver.controller.UserController]getUserList
[INFO][22-08-03][com.example.smtpserver.controller.UserController]getUserList
[INFO][22-08-03][com.example.smtpserver.controller.UserController]getUserList
[INFO][22-10-03][com.example.smtpserver.controller.UserController]getUserList
[INFO][22-13-03][com.example.smtpserver.controller.UserController]getUserList
[INFO][22-14-03][com.example.smtpserver.controller.UserController]getUserList
[INFO][22-42-03][com.example.smtpserver.controller.UserController]getUserList
[INFO][22-42-03][com.example.smtpserver.controller.UserController]getUserList
[INFO][22-43-03][com.example.smtpserver.controller.UserController]getUserList
[INFO][22-43-03][com.example.smtpserver.controller.UserController]getUserList
[INFO][22-47-03][com.example.smtpserver.controller.UserController]getUserList
[INFO][22-48-03][com.example.smtpserver.controller.UserController]getUserList
[INFO][22-48-03][com.example.smtpserver.controller.UserController]getUserList
[INFO][22-57-03][com.example.smtpserver.controller.UserController]getUserList
[INFO][22-59-03][com.example.smtpserver.controller.UserController]getUserList
[INFO][22-00-03][com.example.smtpserver.controller.UserController]getUserList
[INFO][22-01-03][com.example.smtpserver.controller.UserController]getUserList
[INFO][22-02-03][com.example.smtpserver.controller.UserController]getUserList
[INFO][22-04-03][com.example.smtpserver.controller.UserController]getUserList
[INFO][22-05-03][com.example.smtpserver.controller.UserController]getUserList
[INFO][22-06-03][com.example.smtpserver.controller.UserController]getUserList
[INFO][22-06-03][com.example.smtpserver.controller.UserController]getUserList
[INFO][22-07-03][com.example.smtpserver.controller.UserController]getUserList
[INFO][22-12-03][com.example.smtpserver.controller.UserController]getUserList
[INFO][22-12-03][com.example.smtpserver.controller.UserController]getUserList
[INFO][22-12-03][com.example.smtpserver.controller.UserController]getUserList
[INFO][22-12-03][com.example.smtpserver.controller.UserController]getUserList
[INFO][22-13-03][com.example.smtpserver.controller.UserController]getUserList
[INFO][22-14-03][com.example.smtpserver.controller.UserController]getUserList
[INFO][22-14-03][com.example.smtpserver.controller.UserController]getUserList
[INFO][22-16-03][com.example.smtpserver.controller.UserController]getUserList
[INFO][22-16-03][com.example.smtpserver.controller.UserController]getUserList
[INFO][22-17-03][com.example.smtpserver.controller.UserController]getUserList
[INFO][22-18-03][com.example.smtpserver.controller.UserController]getUserList
[INFO][22-20-03][com.example.smtpserver.controller.UserController]getUserList
[INFO][22-20-03][com.example.smtpserver.controller.UserController]getUserList
[INFO][22-20-03][com.example.smtpserver.controller.UserController]getUserList
[INFO][22-20-03][com.example.smtpserver.controller.UserController]getUserList
[INFO][22-20-03][com.example.smtpserver.controller.UserController]getUserList
[INFO][22-20-03][com.example.smtpserver.controller.UserController]getUserList
[INFO][22-21-03][com.example.smtpserver.controller.UserController]getUserList
[INFO][22-21-03][com.example.smtpserver.controller.UserController]getUserList
[INFO][22-23-03][com.example.smtpserver.controller.UserController]getUserList
[INFO][22-24-03][com.example.smtpserver.controller.UserController]getUserList
[INFO][22-24-03][com.example.smtpserver.controller.UserController]judgeAccountValid
[INFO][22-24-03][com.example.smtpserver.controller.UserController]getUserList
[INFO][22-24-03][com.example.smtpserver.controller.UserController]judgeAccountValid
[INFO][22-25-03][com.example.smtpserver.controller.UserController]getUserList
[INFO][22-25-03][com.example.smtpserver.controller.UserController]judgeAccountValid
[INFO][22-25-03][com.example.smtpserver.controller.UserController]judgeAccountValid
[INFO][22-27-03][com.example.smtpserver.controller.UserController]getUserList
[INFO][22-27-03][com.example.smtpserver.controller.UserController]judgeAccountValid
[INFO][22-28-03][com.example.smtpserver.controller.UserController]judgeAccountValid
[INFO][22-28-03][com.example.smtpserver.controller.UserController]getUserList
[INFO][22-28-03][com.example.smtpserver.controller.UserController]judgeAccountValid
[INFO][22-31-03][com.example.smtpserver.controller.UserController]judgeAccountValid
[INFO][22-31-03][com.example.smtpserver.controller.UserController]judgeAccountValid
[INFO][22-31-03][com.example.smtpserver.controller.UserController]judgeAccountValid
[INFO][22-32-03][com.example.smtpserver.controller.UserController]judgeAccountValid
[INFO][22-34-03][com.example.smtpserver.controller.UserController]getUserList
[INFO][22-35-03][com.example.smtpserver.controller.UserController]getUserList
[INFO][22-41-03][com.example.smtpserver.controller.UserController]getUserList
[INFO][22-41-03][com.example.smtpserver.controller.UserController]judgeAccountValid
[INFO][22-41-03][com.example.smtpserver.controller.UserController]judgeAccountValid
[INFO][22-41-03][com.example.smtpserver.controller.UserController]judgeAccountValid
[INFO][22-41-03][com.example.smtpserver.controller.UserController]judgeAccountValid
[INFO][22-42-03][com.example.smtpserver.controller.UserController]judgeAccountValid
[INFO][22-42-03][com.example.smtpserver.controller.UserController]judgeAccountValid
[INFO][22-43-03][com.example.smtpserver.controller.UserController]getUserList
[INFO][22-45-03][com.example.smtpserver.controller.UserController]getUserList
[INFO][22-46-03][com.example.smtpserver.controller.UserController]getUserList
[INFO][22-47-03][com.example.smtpserver.controller.UserController]getUserList
[INFO][22-48-03][com.example.smtpserver.controller.UserController]getUserList
[INFO][22-49-03][com.example.smtpserver.controller.UserController]getUserList
[INFO][22-49-03][com.example.smtpserver.controller.UserController]getUserList
[INFO][22-49-03][com.example.smtpserver.controller.UserController]getUserList
[INFO][22-49-03][com.example.smtpserver.controller.UserController]getUserList
[INFO][22-49-03][com.example.smtpserver.controller.UserController]getUserList
[INFO][22-49-03][com.example.smtpserver.controller.UserController]getUserList
[INFO][22-51-03][com.example.smtpserver.controller.UserController]getUserList
[INFO][22-51-03][com.example.smtpserver.controller.UserController]getUserList
[INFO][22-52-03][com.example.smtpserver.controller.UserController]getUserList
[INFO][22-53-03][com.example.smtpserver.controller.UserController]getUserList
[INFO][22-53-03][com.example.smtpserver.controller.ServerController]getServerParams
[INFO][22-54-03][com.example.smtpserver.controller.UserController]getUserList
[INFO][22-55-03][com.example.smtpserver.controller.UserController]getUserList
[INFO][22-56-03][com.example.smtpserver.controller.UserController]getUserList
[INFO][22-56-03][com.example.smtpserver.controller.UserController]getUserList
[INFO][22-57-03][com.example.smtpserver.controller.UserController]getUserList
[INFO][22-57-03][com.example.smtpserver.controller.UserController]getUserList
[INFO][22-58-03][com.example.smtpserver.controller.UserController]getUserList
[INFO][22-59-03][com.example.smtpserver.controller.UserController]getUserList
[INFO][22-59-03][com.example.smtpserver.controller.ServerController]getServerParams
[INFO][22-00-03][com.example.smtpserver.controller.UserController]getUserList
[INFO][22-00-03][com.example.smtpserver.controller.ServerController]getServerParams
[INFO][22-00-03][com.example.smtpserver.controller.UserController]getUserList
[INFO][22-00-03][com.example.smtpserver.controller.UserController]getUserList
[INFO][22-00-03][com.example.smtpserver.controller.ServerController]getServerParams
[INFO][22-01-03][com.example.smtpserver.controller.UserController]getUserList
[INFO][22-01-03][com.example.smtpserver.controller.ServerController]getServerParams
[INFO][22-01-03][com.example.smtpserver.controller.UserController]judgeAccountValid
[INFO][22-01-03][com.example.smtpserver.controller.UserController]getUserList
[INFO][22-01-03][com.example.smtpserver.controller.ServerController]getServerParams
[INFO][22-01-03][com.example.smtpserver.controller.UserController]judgeAccountValid
[INFO][22-02-03][com.example.smtpserver.controller.UserController]judgeAccountValid
[INFO][22-04-03][com.example.smtpserver.controller.UserController]getUserList
[INFO][22-04-03][com.example.smtpserver.controller.UserController]getUserList
[INFO][22-04-03][com.example.smtpserver.controller.UserController]getUserList
[INFO][22-04-03][com.example.smtpserver.controller.UserController]getUserList
[INFO][22-04-03][com.example.smtpserver.controller.UserController]judgeAccountValid
[INFO][22-05-03][com.example.smtpserver.controller.UserController]judgeAccountValid
[INFO][22-05-03][com.example.smtpserver.controller.UserController]getUserList
[INFO][22-05-03][com.example.smtpserver.controller.UserController]judgeAccountValid
[INFO][22-05-03][com.example.smtpserver.controller.ServerController]getServerParams
[INFO][22-05-03][com.example.smtpserver.controller.UserController]judgeAccountValid
[INFO][22-05-03][com.example.smtpserver.controller.UserController]judgeAccountValid
[INFO][22-06-03][com.example.smtpserver.controller.UserController]getUserList
[INFO][22-06-03][com.example.smtpserver.controller.UserController]getUserList
[INFO][22-08-03][com.example.smtpserver.controller.UserController]getUserList
[INFO][22-11-03][com.example.smtpserver.controller.UserController]getUserList
[INFO][22-11-03][com.example.smtpserver.controller.UserController]getUserList
[INFO][22-11-03][com.example.smtpserver.controller.UserController]getUserList
[INFO][22-11-03][com.example.smtpserver.controller.UserController]getUserList
[INFO][22-14-03][com.example.smtpserver.controller.UserController]getUserList
[INFO][22-15-03][com.example.smtpserver.controller.UserController]getUserList
[INFO][22-15-03][com.example.smtpserver.controller.UserController]judgeAccountValid
[INFO][22-15-03][com.example.smtpserver.controller.ServerController]getServerParams
[INFO][22-16-03][com.example.smtpserver.controller.UserController]getUserList
[INFO][22-17-03][com.example.smtpserver.controller.UserController]getUserList
[INFO][22-18-03][com.example.smtpserver.controller.UserController]judgeAccountValid
[INFO][22-18-03][com.example.smtpserver.controller.ServerController]getServerParams
[INFO][22-18-03][com.example.smtpserver.controller.UserController]getUserList
[INFO][22-19-03][com.example.smtpserver.controller.UserController]judgeAccountValid
[INFO][22-19-03][com.example.smtpserver.controller.ServerController]getServerParams
[INFO][22-19-03][com.example.smtpserver.controller.UserController]judgeAccountValid
[INFO][22-19-03][com.example.smtpserver.controller.UserController]judgeAccountValid
[INFO][22-19-03][com.example.smtpserver.controller.UserController]/registerUser
[INFO][22-19-03][com.example.smtpserver.controller.UserController]getUserList
[INFO][22-19-03][com.example.smtpserver.controller.UserController]getUserList
[INFO][22-20-03][com.example.smtpserver.controller.UserController]getUserList
[INFO][22-20-03][com.example.smtpserver.controller.UserController]getUserList
[INFO][22-21-03][com.example.smtpserver.controller.UserController]getUserList
[INFO][22-21-03][com.example.smtpserver.controller.UserController]getUserList
[INFO][22-21-03][com.example.smtpserver.controller.UserController]getUserList
[INFO][22-21-03][com.example.smtpserver.controller.UserController]getUserList
[INFO][22-21-03][com.example.smtpserver.controller.UserController]getUserList
[INFO][22-21-03][com.example.smtpserver.controller.UserController]getUserList
[INFO][22-22-03][com.example.smtpserver.controller.UserController]getUserList
[INFO][22-22-03][com.example.smtpserver.controller.UserController]getUserList
[INFO][22-22-03][com.example.smtpserver.controller.UserController]getUserList
[INFO][22-22-03][com.example.smtpserver.controller.UserController]getUserList
[INFO][22-22-03][com.example.smtpserver.controller.UserController]getUserList
[INFO][22-22-03][com.example.smtpserver.controller.UserController]getUserList
[INFO][22-22-03][com.example.smtpserver.controller.UserController]getUserList
[INFO][22-23-03][com.example.smtpserver.controller.UserController]/updateDisabledState
[INFO][22-24-03][com.example.smtpserver.controller.UserController]/updateAuthority
[INFO][22-24-03][com.example.smtpserver.controller.UserController]/updateAuthority
[INFO][22-26-03][com.example.smtpserver.pop3.server.Pop3Server]pop3 server is running......
[INFO][22-26-03][com.example.smtpserver.smtp.server.SmtpServer]smtp server is running......
[INFO][22-02-03][com.example.smtpserver.controller.UserController]/updateDisabledState
[INFO][22-02-03][com.example.smtpserver.controller.UserController]getUserList
[INFO][22-02-03][com.example.smtpserver.controller.UserController]/updateDisabledState
[INFO][22-02-03][com.example.smtpserver.controller.UserController]/deleteUser
[INFO][22-02-03][com.example.smtpserver.controller.UserController]getUserList
[INFO][22-05-03][com.example.smtpserver.controller.UserController]getUserList
[INFO][22-05-03][com.example.smtpserver.controller.UserController]getUserList
[INFO][22-05-03][com.example.smtpserver.controller.UserController]getUserList
[INFO][22-05-03][com.example.smtpserver.controller.UserController]getUserList
[INFO][22-05-03][com.example.smtpserver.controller.UserController]getUserList
[INFO][22-06-03][com.example.smtpserver.controller.UserController]getUserList
[INFO][22-07-03][com.example.smtpserver.controller.UserController]getUserList
[INFO][22-10-03][com.example.smtpserver.controller.UserController]getUserList
[INFO][22-10-03][com.example.smtpserver.controller.UserController]getUserList
[INFO][22-10-03][com.example.smtpserver.controller.UserController]getUserList
[INFO][22-10-03][com.example.smtpserver.controller.UserController]getUserList
[INFO][22-10-03][com.example.smtpserver.controller.UserController]getUserList
[INFO][22-10-03][com.example.smtpserver.controller.UserController]getUserList
[INFO][22-10-03][com.example.smtpserver.controller.UserController]getUserList
[INFO][22-16-03][com.example.smtpserver.smtp.server.SmtpServer]smtp server is running......
[INFO][22-16-03][com.example.smtpserver.pop3.server.Pop3Server]pop3 server is running......
[INFO][22-20-03][com.example.smtpserver.controller.UserController]getUserList
[INFO][22-22-03][com.example.smtpserver.controller.UserController]getUserList
[INFO][22-57-03][com.example.smtpserver.smtp.server.SmtpServer]smtp server is running......
[INFO][22-57-03][com.example.smtpserver.pop3.server.Pop3Server]pop3 server is running......
[INFO][22-57-03][com.example.smtpserver.controller.LogController]getLogList
[INFO][22-59-03][com.example.smtpserver.controller.LogController]getLogList
[INFO][22-00-03][com.example.smtpserver.controller.LogController]getLogList
[INFO][22-02-03][com.example.smtpserver.controller.LogController]getLogList
[INFO][22-02-03][com.example.smtpserver.controller.LogController]getLogList
[INFO][22-04-03][com.example.smtpserver.pop3.server.Pop3Server]pop3 server is running......
[INFO][22-04-03][com.example.smtpserver.smtp.server.SmtpServer]smtp server is running......
[INFO][22-07-03][com.example.smtpserver.controller.LogController]getLogList
[INFO][22-08-03][com.example.smtpserver.pop3.server.Pop3Server]pop3 server is running......
[INFO][22-08-03][com.example.smtpserver.smtp.server.SmtpServer]smtp server is running......
[INFO][22-09-03][com.example.smtpserver.pop3.server.Pop3Server]pop3 server is running......
[INFO][22-09-03][com.example.smtpserver.smtp.server.SmtpServer]smtp server is running......
[INFO][22-10-03][com.example.smtpserver.controller.LogController]deleteLogByTime
[INFO][22-10-03][com.example.smtpserver.controller.LogController]getLogList
[INFO][22-10-03][com.example.smtpserver.controller.LogController]getLogList
[INFO][22-11-03][com.example.smtpserver.controller.UserController]getUserList
[INFO][22-31-03][com.example.smtpserver.controller.UserController]getUserList
[INFO][22-41-03][com.example.smtpserver.controller.UserController]getUserList
[INFO][22-42-03][com.example.smtpserver.controller.UserController]getUserList
[INFO][22-43-03][com.example.smtpserver.controller.UserController]getUserList
[INFO][22-43-03][com.example.smtpserver.controller.UserController]getUserList
[INFO][22-43-03][com.example.smtpserver.controller.UserController]getUserList
[INFO][22-44-03][com.example.smtpserver.controller.UserController]getUserList
[INFO][22-45-03][com.example.smtpserver.controller.UserController]getUserList
[INFO][22-45-03][com.example.smtpserver.controller.UserController]getUserList
[INFO][22-46-03][com.example.smtpserver.controller.ServerController]getSmtpAndPop3State
[INFO][22-47-03][com.example.smtpserver.controller.ServerController]getSmtpAndPop3State
[INFO][22-47-03][com.example.smtpserver.controller.ServerController]getServerParams
[INFO][22-48-03][com.example.smtpserver.controller.ServerController]getSmtpAndPop3State
[INFO][22-48-03][com.example.smtpserver.controller.ServerController]getServerParams
[INFO][22-48-03][com.example.smtpserver.controller.ServerController]getSmtpAndPop3State
[INFO][22-48-03][com.example.smtpserver.controller.ServerController]getServerParams
[INFO][22-49-03][com.example.smtpserver.controller.ServerController]getSmtpAndPop3State
[INFO][22-49-03][com.example.smtpserver.controller.ServerController]getServerParams
[INFO][22-50-03][com.example.smtpserver.controller.ServerController]getSmtpAndPop3State
[INFO][22-50-03][com.example.smtpserver.controller.ServerController]getServerParams
[INFO][22-50-03][com.example.smtpserver.controller.ServerController]getSmtpAndPop3State
[INFO][22-50-03][com.example.smtpserver.controller.ServerController]getServerParams
[INFO][22-50-03][com.example.smtpserver.controller.ServerController]getServerParams
[INFO][22-50-03][com.example.smtpserver.controller.ServerController]getSmtpAndPop3State
[INFO][22-50-03][com.example.smtpserver.controller.ServerController]getServerParams
[INFO][22-50-03][com.example.smtpserver.controller.ServerController]getSmtpAndPop3State
[INFO][22-50-03][com.example.smtpserver.controller.ServerController]getServerParams
[INFO][22-50-03][com.example.smtpserver.controller.ServerController]getSmtpAndPop3State
[INFO][22-50-03][com.example.smtpserver.controller.ServerController]getSmtpAndPop3State
[INFO][22-50-03][com.example.smtpserver.controller.ServerController]getServerParams
[INFO][22-50-03][com.example.smtpserver.controller.ServerController]getSmtpAndPop3State
[INFO][22-50-03][com.example.smtpserver.controller.ServerController]getServerParams
[INFO][22-50-03][com.example.smtpserver.controller.ServerController]getServerParams
[INFO][22-50-03][com.example.smtpserver.controller.ServerController]getSmtpAndPop3State
[INFO][22-50-03][com.example.smtpserver.controller.ServerController]getServerParams
[INFO][22-50-03][com.example.smtpserver.controller.ServerController]getSmtpAndPop3State
[INFO][22-54-03][com.example.smtpserver.controller.UserController]getUserList
[INFO][22-55-03][com.example.smtpserver.controller.UserController]getUserList
[INFO][22-56-03][com.example.smtpserver.controller.ServerController]getSmtpAndPop3State
[INFO][22-56-03][com.example.smtpserver.controller.ServerController]getServerParams
[INFO][22-01-04][com.example.smtpserver.controller.ServerController]getSmtpAndPop3State
[INFO][22-01-04][com.example.smtpserver.controller.ServerController]getServerParams
[INFO][22-01-04][com.example.smtpserver.controller.ServerController]getSmtpAndPop3State
[INFO][22-01-04][com.example.smtpserver.controller.ServerController]getServerParams
[INFO][22-23-04][com.example.smtpserver.controller.ServerController]getServerParams
[INFO][22-23-04][com.example.smtpserver.controller.ServerController]getSmtpAndPop3State
[INFO][22-24-04][com.example.smtpserver.controller.ServerController]getSmtpAndPop3State
[INFO][22-24-04][com.example.smtpserver.controller.ServerController]getServerParams
[INFO][22-24-04][com.example.smtpserver.controller.ServerController]getSmtpAndPop3State
[INFO][22-24-04][com.example.smtpserver.controller.ServerController]getServerParams
[INFO][22-24-04][com.example.smtpserver.controller.ServerController]getSmtpAndPop3State
[INFO][22-24-04][com.example.smtpserver.controller.ServerController]getServerParams
[INFO][22-24-04][com.example.smtpserver.controller.ServerController]getSmtpAndPop3State
[INFO][22-24-04][com.example.smtpserver.controller.ServerController]getServerParams
[INFO][22-25-04][com.example.smtpserver.controller.ServerController]getServerParams
[INFO][22-25-04][com.example.smtpserver.controller.ServerController]getSmtpAndPop3State
[INFO][22-25-04][com.example.smtpserver.controller.ServerController]getSmtpAndPop3State
[INFO][22-25-04][com.example.smtpserver.controller.ServerController]getServerParams
[INFO][22-25-04][com.example.smtpserver.controller.ServerController]getSmtpAndPop3State
[INFO][22-25-04][com.example.smtpserver.controller.ServerController]getServerParams
[INFO][22-25-04][com.example.smtpserver.controller.ServerController]getSmtpAndPop3State
[INFO][22-25-04][com.example.smtpserver.controller.ServerController]getServerParams
[INFO][22-25-04][com.example.smtpserver.controller.ServerController]getSmtpAndPop3State
[INFO][22-25-04][com.example.smtpserver.controller.ServerController]getServerParams
[INFO][22-25-04][com.example.smtpserver.controller.ServerController]getServerParams
[INFO][22-25-04][com.example.smtpserver.controller.ServerController]getSmtpAndPop3State
[INFO][22-25-04][com.example.smtpserver.controller.ServerController]getSmtpAndPop3State
[INFO][22-25-04][com.example.smtpserver.controller.ServerController]getServerParams
[INFO][22-25-04][com.example.smtpserver.controller.ServerController]getSmtpAndPop3State
[INFO][22-25-04][com.example.smtpserver.controller.ServerController]getServerParams
[INFO][22-25-04][com.example.smtpserver.controller.ServerController]getServerParams
[INFO][22-25-04][com.example.smtpserver.controller.ServerController]getSmtpAndPop3State
[INFO][22-25-04][com.example.smtpserver.controller.ServerController]getServerParams
[INFO][22-25-04][com.example.smtpserver.controller.ServerController]getSmtpAndPop3State
[INFO][22-25-04][com.example.smtpserver.controller.ServerController]getSmtpAndPop3State
[INFO][22-25-04][com.example.smtpserver.controller.ServerController]getServerParams
[INFO][22-25-04][com.example.smtpserver.controller.ServerController]getServerParams
[INFO][22-25-04][com.example.smtpserver.controller.ServerController]getSmtpAndPop3State
[INFO][22-25-04][com.example.smtpserver.controller.ServerController]stopSmtpServer
[DEBUG][22-25-04][com.example.smtpserver.smtp.server.SmtpServer]
[INFO][22-28-04][com.example.smtpserver.controller.ServerController]getServerParams
[INFO][22-28-04][com.example.smtpserver.controller.ServerController]getSmtpAndPop3State
[INFO][22-28-04][com.example.smtpserver.controller.ServerController]startSmtpServer
[DEBUG][22-28-04][com.example.smtpserver.smtp.server.SmtpServer]Address already in use: bind
[INFO][22-34-04][com.example.smtpserver.pop3.server.Pop3Server]pop3 server is running......
[INFO][22-34-04][com.example.smtpserver.smtp.server.SmtpServer]smtp server is running......
[INFO][22-35-04][com.example.smtpserver.controller.ServerController]getSmtpAndPop3State
[INFO][22-35-04][com.example.smtpserver.controller.ServerController]getServerParams
[INFO][22-35-04][com.example.smtpserver.controller.ServerController]stopSmtpServer
[INFO][22-37-04][com.example.smtpserver.controller.ServerController]getSmtpAndPop3State
[INFO][22-37-04][com.example.smtpserver.controller.ServerController]getServerParams
[INFO][22-38-04][com.example.smtpserver.controller.ServerController]stopSmtpServer
[INFO][22-43-04][com.example.smtpserver.pop3.server.Pop3Server]pop3 server is running......
[INFO][22-43-04][com.example.smtpserver.smtp.server.SmtpServer]smtp server is running......
[INFO][22-43-04][com.example.smtpserver.controller.ServerController]getSmtpAndPop3State
[INFO][22-43-04][com.example.smtpserver.controller.ServerController]getServerParams
[INFO][22-43-04][com.example.smtpserver.controller.ServerController]stopSmtpServer
[INFO][22-43-04][com.example.smtpserver.smtp.server.SmtpServer]smtp is shutdown...
[INFO][22-44-04][com.example.smtpserver.controller.ServerController]getSmtpAndPop3State
[INFO][22-44-04][com.example.smtpserver.controller.ServerController]getServerParams
[INFO][22-44-04][com.example.smtpserver.controller.ServerController]startSmtpServer
[DEBUG][22-44-04][com.example.smtpserver.smtp.server.SmtpServer]event executor terminated
[INFO][22-44-04][com.example.smtpserver.smtp.server.SmtpServer]smtp is shutdown...
[INFO][22-48-04][com.example.smtpserver.smtp.server.SmtpServer]smtp server is running......
[INFO][22-48-04][com.example.smtpserver.pop3.server.Pop3Server]pop3 server is running......
[INFO][22-48-04][com.example.smtpserver.controller.ServerController]stopSmtpServer
[INFO][22-48-04][com.example.smtpserver.smtp.server.SmtpServer]smtp is shutdown...
[INFO][22-48-04][com.example.smtpserver.controller.ServerController]startSmtpServer
[INFO][22-48-04][com.example.smtpserver.smtp.server.SmtpServer]smtp server is running......
[INFO][22-48-04][com.example.smtpserver.controller.ServerController]getServerParams
[INFO][22-48-04][com.example.smtpserver.controller.ServerController]getSmtpAndPop3State
[INFO][22-54-04][com.example.smtpserver.pop3.server.Pop3Server]pop3 server is running......
[INFO][22-54-04][com.example.smtpserver.smtp.server.SmtpServer]smtp server is running......
[INFO][22-55-04][com.example.smtpserver.controller.ServerController]getSmtpAndPop3State
[INFO][22-55-04][com.example.smtpserver.controller.ServerController]getServerParams
[INFO][22-56-04][com.example.smtpserver.controller.ServerController]getSmtpAndPop3State
[INFO][22-56-04][com.example.smtpserver.controller.ServerController]getServerParams
[INFO][22-57-04][com.example.smtpserver.controller.ServerController]getSmtpAndPop3State
[INFO][22-57-04][com.example.smtpserver.controller.ServerController]getServerParams
[INFO][22-57-04][com.example.smtpserver.controller.ServerController]stopSmtpServer
[DEBUG][22-57-04][com.example.smtpserver.smtp.server.SmtpServer]
[INFO][22-57-04][com.example.smtpserver.smtp.server.SmtpServer]smtp is shutdown...
[INFO][22-58-04][com.example.smtpserver.controller.ServerController]getSmtpAndPop3State
[INFO][22-58-04][com.example.smtpserver.controller.ServerController]getServerParams
[INFO][22-58-04][com.example.smtpserver.controller.ServerController]getServerParams
[INFO][22-58-04][com.example.smtpserver.controller.ServerController]getSmtpAndPop3State
[INFO][22-58-04][com.example.smtpserver.controller.ServerController]startSmtpServer
[INFO][22-58-04][com.example.smtpserver.smtp.server.SmtpServer]smtp server is running......
[INFO][22-58-04][com.example.smtpserver.controller.ServerController]stopPop3Server
[INFO][22-58-04][com.example.smtpserver.pop3.server.Pop3Server]pop3 is shutdown...
[INFO][22-59-04][com.example.smtpserver.controller.ServerController]startPop3Server
[INFO][22-59-04][com.example.smtpserver.pop3.server.Pop3Server]pop3 server is running......
[INFO][22-00-04][com.example.smtpserver.controller.ServerController]getSmtpAndPop3State
[INFO][22-00-04][com.example.smtpserver.controller.ServerController]getServerParams
[INFO][22-17-04][com.example.smtpserver.smtp.server.SmtpServer]smtp server is running......
[INFO][22-17-04][com.example.smtpserver.pop3.server.Pop3Server]pop3 server is running......
[INFO][22-17-04][com.example.smtpserver.controller.ServerController]getSmtpAndPop3State
[INFO][22-17-04][com.example.smtpserver.controller.ServerController]getServerParams
[INFO][22-18-04][com.example.smtpserver.controller.ServerController]getSmtpAndPop3State
[INFO][22-18-04][com.example.smtpserver.controller.ServerController]getServerParams
[INFO][22-20-04][com.example.smtpserver.controller.ServerController]getSmtpAndPop3State
[INFO][22-20-04][com.example.smtpserver.controller.ServerController]getServerParams
[INFO][22-21-04][com.example.smtpserver.controller.ServerController]getServerParams
[INFO][22-21-04][com.example.smtpserver.controller.ServerController]getSmtpAndPop3State
[INFO][22-22-04][com.example.smtpserver.controller.ServerController]getSmtpAndPop3State
[INFO][22-22-04][com.example.smtpserver.controller.ServerController]getServerParams
[INFO][22-22-04][com.example.smtpserver.controller.ServerController]getSmtpAndPop3State
[INFO][22-22-04][com.example.smtpserver.controller.ServerController]getServerParams
[INFO][22-22-04][com.example.smtpserver.controller.ServerController]getServerParams
[INFO][22-22-04][com.example.smtpserver.controller.ServerController]getSmtpAndPop3State
[INFO][22-23-04][com.example.smtpserver.controller.ServerController]getSmtpAndPop3State
[INFO][22-23-04][com.example.smtpserver.controller.ServerController]getServerParams
[INFO][22-24-04][com.example.smtpserver.controller.ServerController]getServerParams
[INFO][22-24-04][com.example.smtpserver.controller.ServerController]getSmtpAndPop3State
[INFO][22-28-04][com.example.smtpserver.controller.ServerController]getServerParams
[INFO][22-28-04][com.example.smtpserver.controller.ServerController]getSmtpAndPop3State
[INFO][22-30-04][com.example.smtpserver.controller.ServerController]getServerParams
[INFO][22-30-04][com.example.smtpserver.controller.ServerController]getSmtpAndPop3State
[INFO][22-30-04][com.example.smtpserver.controller.ServerController]getSmtpAndPop3State
[INFO][22-30-04][com.example.smtpserver.controller.ServerController]getServerParams
[INFO][22-30-04][com.example.smtpserver.controller.UserController]getUserList
[INFO][22-31-04][com.example.smtpserver.controller.UserController]getUserList
[INFO][22-32-04][com.example.smtpserver.controller.UserController]getUserList
[INFO][22-32-04][com.example.smtpserver.controller.UserController]getUserList
[INFO][22-32-04][com.example.smtpserver.controller.ServerController]getSmtpAndPop3State
[INFO][22-32-04][com.example.smtpserver.controller.ServerController]getServerParams
[INFO][22-33-04][com.example.smtpserver.controller.ServerController]getSmtpAndPop3State
[INFO][22-33-04][com.example.smtpserver.controller.ServerController]getServerParams
[INFO][22-35-04][com.example.smtpserver.controller.ServerController]getServerParams
[INFO][22-35-04][com.example.smtpserver.controller.ServerController]getSmtpAndPop3State
[INFO][22-36-04][com.example.smtpserver.controller.ServerController]getSmtpAndPop3State
[INFO][22-36-04][com.example.smtpserver.controller.ServerController]getServerParams
[INFO][22-41-04][com.example.smtpserver.controller.ServerController]getSmtpAndPop3State
[INFO][22-41-04][com.example.smtpserver.controller.ServerController]getServerParams
[INFO][22-46-04][com.example.smtpserver.controller.ServerController]getSmtpAndPop3State
[INFO][22-46-04][com.example.smtpserver.controller.ServerController]getServerParams
[INFO][22-49-04][com.example.smtpserver.controller.ServerController]getServerParams
[INFO][22-49-04][com.example.smtpserver.controller.ServerController]getSmtpAndPop3State
[INFO][22-55-04][com.example.smtpserver.controller.ServerController]getServerParams
[INFO][22-55-04][com.example.smtpserver.controller.ServerController]getSmtpAndPop3State
[INFO][22-55-04][com.example.smtpserver.controller.ServerController]getServerParams
[INFO][22-55-04][com.example.smtpserver.controller.ServerController]getSmtpAndPop3State
[INFO][22-56-04][com.example.smtpserver.controller.ServerController]getSmtpAndPop3State
[INFO][22-56-04][com.example.smtpserver.controller.ServerController]getServerParams
[INFO][22-58-04][com.example.smtpserver.controller.ServerController]getSmtpAndPop3State
[INFO][22-58-04][com.example.smtpserver.controller.ServerController]getServerParams
[INFO][22-01-04][com.example.smtpserver.controller.ServerController]getSmtpAndPop3State
[INFO][22-01-04][com.example.smtpserver.controller.ServerController]getServerParams
[INFO][22-02-04][com.example.smtpserver.controller.ServerController]getServerParams
[INFO][22-02-04][com.example.smtpserver.controller.ServerController]getSmtpAndPop3State
[INFO][22-16-04][com.example.smtpserver.controller.ServerController]getSmtpAndPop3State
[INFO][22-16-04][com.example.smtpserver.controller.ServerController]getServerParams
[INFO][22-16-04][com.example.smtpserver.controller.ServerController]getSmtpAndPop3State
[INFO][22-16-04][com.example.smtpserver.controller.ServerController]getServerParams
[INFO][22-16-04][com.example.smtpserver.controller.ServerController]getServerParams
[INFO][22-16-04][com.example.smtpserver.controller.ServerController]getSmtpAndPop3State
[INFO][22-18-04][com.example.smtpserver.controller.ServerController]getSmtpAndPop3State
[INFO][22-18-04][com.example.smtpserver.controller.ServerController]getServerParams
[INFO][22-20-04][com.example.smtpserver.controller.ServerController]getSmtpAndPop3State
[INFO][22-20-04][com.example.smtpserver.controller.ServerController]getServerParams
[INFO][22-22-04][com.example.smtpserver.controller.ServerController]getSmtpAndPop3State
[INFO][22-22-04][com.example.smtpserver.controller.ServerController]getServerParams
[INFO][22-23-04][com.example.smtpserver.controller.ServerController]getSmtpAndPop3State
[INFO][22-23-04][com.example.smtpserver.controller.ServerController]getServerParams
[INFO][22-27-04][com.example.smtpserver.controller.ServerController]getSmtpAndPop3State
[INFO][22-27-04][com.example.smtpserver.controller.ServerController]getServerParams
[INFO][22-28-04][com.example.smtpserver.controller.ServerController]getSmtpAndPop3State
[INFO][22-28-04][com.example.smtpserver.controller.ServerController]getServerParams
[INFO][22-30-04][com.example.smtpserver.controller.ServerController]getServerParams
[INFO][22-30-04][com.example.smtpserver.controller.ServerController]getSmtpAndPop3State
[INFO][22-31-04][com.example.smtpserver.controller.ServerController]getSmtpAndPop3State
[INFO][22-31-04][com.example.smtpserver.controller.ServerController]getServerParams
[INFO][22-32-04][com.example.smtpserver.controller.ServerController]getServerParams
[INFO][22-32-04][com.example.smtpserver.controller.ServerController]getSmtpAndPop3State
[INFO][22-32-04][com.example.smtpserver.controller.ServerController]getServerParams
[INFO][22-32-04][com.example.smtpserver.controller.ServerController]getSmtpAndPop3State
[INFO][22-38-04][com.example.smtpserver.controller.ServerController]getSmtpAndPop3State
[INFO][22-38-04][com.example.smtpserver.controller.ServerController]getServerParams
[INFO][22-45-04][com.example.smtpserver.pop3.server.Pop3Server]pop3 server is running......
[INFO][22-45-04][com.example.smtpserver.smtp.server.SmtpServer]smtp server is running......
[INFO][22-45-04][com.example.smtpserver.controller.ServerController]getSmtpAndPop3State
[INFO][22-45-04][com.example.smtpserver.controller.ServerController]getServerParams
[INFO][22-45-04][com.example.smtpserver.controller.ServerController]getServerParams
[INFO][22-45-04][com.example.smtpserver.controller.ServerController]getSmtpAndPop3State
[INFO][22-48-04][com.example.smtpserver.controller.ServerController]getSmtpAndPop3State
[INFO][22-48-04][com.example.smtpserver.controller.ServerController]getServerParams
[INFO][22-51-04][com.example.smtpserver.controller.ServerController]getSmtpAndPop3State
[INFO][22-51-04][com.example.smtpserver.controller.ServerController]getServerParams
[INFO][22-52-04][com.example.smtpserver.controller.UserController]getUserList
[INFO][22-54-04][com.example.smtpserver.controller.UserController]getUserList
[INFO][22-54-04][com.example.smtpserver.controller.UserController]getUserList
[INFO][22-55-04][com.example.smtpserver.controller.UserController]getUserList
[INFO][22-55-04][com.example.smtpserver.controller.UserController]getUserList
[INFO][22-56-04][com.example.smtpserver.controller.ServerController]getSmtpAndPop3State
[INFO][22-56-04][com.example.smtpserver.controller.ServerController]getServerParams
[INFO][22-57-04][com.example.smtpserver.controller.ServerController]getSmtpAndPop3State
[INFO][22-57-04][com.example.smtpserver.controller.ServerController]getServerParams
[INFO][22-59-04][com.example.smtpserver.controller.ServerController]getServerParams
[INFO][22-59-04][com.example.smtpserver.controller.ServerController]getSmtpAndPop3State
[INFO][22-59-04][com.example.smtpserver.controller.ServerController]getSmtpAndPop3State
[INFO][22-59-04][com.example.smtpserver.controller.ServerController]getServerParams
[INFO][22-00-04][com.example.smtpserver.controller.ServerController]getSmtpAndPop3State
[INFO][22-00-04][com.example.smtpserver.controller.ServerController]getServerParams
[INFO][22-05-04][com.example.smtpserver.controller.ServerController]getSmtpAndPop3State
[INFO][22-05-04][com.example.smtpserver.controller.ServerController]getServerParams
[INFO][22-05-04][com.example.smtpserver.controller.ServerController]getSmtpAndPop3State
[INFO][22-05-04][com.example.smtpserver.controller.ServerController]getServerParams
[INFO][22-17-04][com.example.smtpserver.pop3.server.Pop3Server]pop3 server is running......
[INFO][22-17-04][com.example.smtpserver.smtp.server.SmtpServer]smtp server is running......
[INFO][22-20-04][com.example.smtpserver.controller.ServerController]getServerParams
[INFO][22-20-04][com.example.smtpserver.controller.ServerController]getSmtpAndPop3State
[INFO][22-21-04][com.example.smtpserver.controller.ServerController]getSmtpAndPop3State
[INFO][22-21-04][com.example.smtpserver.controller.ServerController]getServerParams
[INFO][22-21-04][com.example.smtpserver.controller.ServerController]setDomainName
[INFO][22-23-04][com.example.smtpserver.controller.ServerController]setDomainName
[INFO][22-23-04][com.example.smtpserver.smtp.server.SmtpServer]smtp server is running......
[INFO][22-23-04][com.example.smtpserver.pop3.server.Pop3Server]pop3 server is running......
[INFO][22-23-04][com.example.smtpserver.controller.ServerController]getSmtpAndPop3State
[INFO][22-23-04][com.example.smtpserver.controller.ServerController]getServerParams
[INFO][22-27-04][com.example.smtpserver.controller.ServerController]getServerParams
[INFO][22-27-04][com.example.smtpserver.controller.ServerController]getSmtpAndPop3State
[INFO][22-27-04][com.example.smtpserver.controller.ServerController]getServerParams
[INFO][22-27-04][com.example.smtpserver.controller.ServerController]getSmtpAndPop3State
[INFO][22-36-04][com.example.smtpserver.controller.ServerController]getServerParams
[INFO][22-36-04][com.example.smtpserver.controller.ServerController]getSmtpAndPop3State
[INFO][22-37-04][com.example.smtpserver.controller.ServerController]getSmtpAndPop3State
[INFO][22-37-04][com.example.smtpserver.controller.ServerController]getServerParams
[INFO][22-43-04][com.example.smtpserver.controller.ServerController]getServerParams
[INFO][22-43-04][com.example.smtpserver.controller.ServerController]getSmtpAndPop3State
[INFO][22-43-04][com.example.smtpserver.controller.ServerController]getSmtpAndPop3State
[INFO][22-43-04][com.example.smtpserver.controller.ServerController]getServerParams
[INFO][22-47-04][com.example.smtpserver.controller.ServerController]getServerParams
[INFO][22-47-04][com.example.smtpserver.controller.ServerController]getSmtpAndPop3State
[INFO][22-50-04][com.example.smtpserver.controller.ServerController]getServerParams
[INFO][22-50-04][com.example.smtpserver.controller.ServerController]getSmtpAndPop3State
[INFO][22-50-04][com.example.smtpserver.controller.ServerController]getSmtpAndPop3State
[INFO][22-50-04][com.example.smtpserver.controller.ServerController]getServerParams
[INFO][22-51-04][com.example.smtpserver.controller.ServerController]getSmtpAndPop3State
[INFO][22-51-04][com.example.smtpserver.controller.ServerController]getServerParams
[INFO][22-53-04][com.example.smtpserver.controller.ServerController]getSmtpAndPop3State
[INFO][22-53-04][com.example.smtpserver.controller.ServerController]getServerParams
[INFO][22-53-04][com.example.smtpserver.controller.ServerController]setMaxRcpt
[INFO][22-55-04][com.example.smtpserver.controller.ServerController]getSmtpAndPop3State
[INFO][22-55-04][com.example.smtpserver.controller.ServerController]getServerParams
[INFO][22-56-04][com.example.smtpserver.controller.ServerController]getSmtpAndPop3State
[INFO][22-56-04][com.example.smtpserver.controller.ServerController]getServerParams
[INFO][22-56-04][com.example.smtpserver.controller.ServerController]getServerParams
[INFO][22-56-04][com.example.smtpserver.controller.ServerController]getSmtpAndPop3State
[INFO][22-57-04][com.example.smtpserver.controller.ServerController]setMaxRcpt
[INFO][22-57-04][com.example.smtpserver.controller.ServerController]setMailboxSize
[INFO][22-57-04][com.example.smtpserver.controller.ServerController]setDomainName
[INFO][22-57-04][com.example.smtpserver.controller.UserController]getUserList
[INFO][22-57-04][com.example.smtpserver.controller.ServerController]getServerParams
[INFO][22-57-04][com.example.smtpserver.controller.ServerController]setDomainName
[INFO][22-59-04][com.example.smtpserver.controller.ServerController]getServerParams
[INFO][22-59-04][com.example.smtpserver.controller.ServerController]getSmtpAndPop3State
[INFO][22-00-04][com.example.smtpserver.controller.ServerController]getSmtpAndPop3State
[INFO][22-00-04][com.example.smtpserver.controller.ServerController]getServerParams
[INFO][22-02-04][com.example.smtpserver.controller.ServerController]getSmtpAndPop3State
[INFO][22-02-04][com.example.smtpserver.controller.ServerController]getServerParams
[INFO][22-02-04][com.example.smtpserver.controller.ServerController]setSmtpPort
[DEBUG][22-02-04][com.example.smtpserver.smtp.server.SmtpServer]
[INFO][22-02-04][com.example.smtpserver.smtp.server.SmtpServer]smtp is shutdown...
[INFO][22-02-04][com.example.smtpserver.smtp.server.SmtpServer]smtp server is running......
[INFO][22-02-04][com.example.smtpserver.controller.ServerController]getSmtpAndPop3State
[INFO][22-04-04][com.example.smtpserver.controller.ServerController]stopSmtpServer
[INFO][22-04-04][com.example.smtpserver.smtp.server.SmtpServer]smtp is shutdown...
[INFO][22-04-04][com.example.smtpserver.controller.ServerController]startSmtpServer
[INFO][22-04-04][com.example.smtpserver.smtp.server.SmtpServer]smtp server is running......
[INFO][22-05-04][com.example.smtpserver.controller.ServerController]setSmtpPort
[INFO][22-05-04][com.example.smtpserver.smtp.server.SmtpServer]smtp is shutdown...
[INFO][22-05-04][com.example.smtpserver.smtp.server.SmtpServer]smtp server is running......
[INFO][22-05-04][com.example.smtpserver.controller.ServerController]getSmtpAndPop3State
[INFO][22-20-04][com.example.smtpserver.controller.UserController]getUserList
[INFO][22-20-04][com.example.smtpserver.controller.LogController]getLogList
[INFO][22-20-04][com.example.smtpserver.controller.UserController]getUserList
[INFO][22-23-04][com.example.smtpserver.controller.UserController]getUserList
[INFO][22-24-04][com.example.smtpserver.controller.UserController]getUserList
[INFO][22-51-04][com.example.smtpserver.smtp.server.SmtpServer]smtp server is running......
[INFO][22-51-04][com.example.smtpserver.pop3.server.Pop3Server]pop3 server is running......
[INFO][22-59-04][com.example.smtpserver.controller.FilterAccountController]getFilterAccountList
[INFO][22-00-04][com.example.smtpserver.controller.FilterAccountController]getFilterAccountList
[INFO][22-00-04][com.example.smtpserver.controller.FilterAccountController]getFilterAccountList
[INFO][22-01-04][com.example.smtpserver.controller.FilterAccountController]getFilterAccountList
[INFO][22-01-04][com.example.smtpserver.controller.FilterAccountController]getFilterAccountList
[INFO][22-40-04][com.example.smtpserver.controller.FilterAccountController]getFilterAccountList
[INFO][22-40-04][com.example.smtpserver.controller.FilterAccountController]getFilterAccountList
[INFO][22-34-04][com.example.smtpserver.pop3.server.Pop3Server]pop3 server is running......
[INFO][22-34-04][com.example.smtpserver.smtp.server.SmtpServer]smtp server is running......
[INFO][22-44-04][com.example.smtpserver.controller.FilterAccountController]getFilterAccountList
[INFO][22-44-04][com.example.smtpserver.controller.FilterAccountController]getFilterAccountList
[INFO][22-44-04][com.example.smtpserver.controller.FilterAccountController]getFilterAccountList
[INFO][22-45-04][com.example.smtpserver.controller.FilterAccountController]getFilterAccountList
[INFO][22-45-04][com.example.smtpserver.controller.FilterAccountController]getFilterAccountList
[INFO][22-46-04][com.example.smtpserver.pop3.server.Pop3Server]pop3 server is running......
[INFO][22-46-04][com.example.smtpserver.smtp.server.SmtpServer]smtp server is running......
[INFO][22-47-04][com.example.smtpserver.controller.FilterAccountController]getFilterAccountList
[INFO][22-48-04][com.example.smtpserver.controller.FilterAccountController]getFilterAccountList
[INFO][22-48-04][com.example.smtpserver.controller.FilterAccountController]getFilterAccountList
[INFO][22-48-04][com.example.smtpserver.controller.FilterAccountController]getFilterAccountList
[INFO][22-48-04][com.example.smtpserver.controller.UserController]searchUser
[INFO][22-49-04][com.example.smtpserver.controller.UserController]searchUser
[INFO][22-49-04][com.example.smtpserver.controller.FilterAccountController]getFilterAccountList
[INFO][22-50-04][com.example.smtpserver.controller.UserController]searchUser
[INFO][22-51-04][com.example.smtpserver.smtp.server.SmtpServer]smtp server is running......
[INFO][22-51-04][com.example.smtpserver.pop3.server.Pop3Server]pop3 server is running......
[INFO][22-52-04][com.example.smtpserver.controller.FilterAccountController]getFilterAccountList
[INFO][22-55-04][com.example.smtpserver.controller.FilterAccountController]getFilterAccountList
[INFO][22-55-04][com.example.smtpserver.controller.UserController]searchUser
[INFO][22-57-04][com.example.smtpserver.controller.UserController]searchUser
[INFO][22-58-04][com.example.smtpserver.controller.FilterAccountController]getFilterAccountList
[INFO][22-58-04][com.example.smtpserver.controller.UserController]searchUser
[INFO][22-58-04][com.example.smtpserver.controller.FilterAccountController]addFilterAccount
[INFO][22-58-04][com.example.smtpserver.controller.UserController]searchUser
[INFO][22-58-04][com.example.smtpserver.controller.UserController]searchUser
[INFO][22-58-04][com.example.smtpserver.controller.UserController]searchUser
[INFO][22-59-04][com.example.smtpserver.controller.FilterAccountController]getFilterAccountList
[INFO][22-00-04][com.example.smtpserver.controller.FilterAccountController]getFilterAccountList
[INFO][22-02-04][com.example.smtpserver.controller.FilterAccountController]getFilterAccountList
[INFO][22-03-04][com.example.smtpserver.controller.FilterAccountController]getFilterAccountList
[INFO][22-03-04][com.example.smtpserver.controller.FilterAccountController]deleteFilterAccount
[INFO][22-03-04][com.example.smtpserver.controller.FilterAccountController]getFilterAccountList
[INFO][22-03-04][com.example.smtpserver.controller.UserController]searchUser
[INFO][22-03-04][com.example.smtpserver.controller.UserController]searchUser
[INFO][22-03-04][com.example.smtpserver.controller.FilterAccountController]addFilterAccount
[INFO][22-03-04][com.example.smtpserver.controller.FilterAccountController]getFilterAccountList
[INFO][22-03-04][com.example.smtpserver.controller.FilterAccountController]getFilterAccountList
[INFO][22-03-04][com.example.smtpserver.controller.FilterAccountController]deleteFilterAccount
[INFO][22-03-04][com.example.smtpserver.controller.FilterAccountController]getFilterAccountList
[INFO][22-04-04][com.example.smtpserver.controller.FilterAccountController]getFilterAccountList
[INFO][22-04-04][com.example.smtpserver.controller.FilterAccountController]getFilterAccountList
[INFO][22-05-04][com.example.smtpserver.controller.UserController]searchUser
[INFO][22-05-04][com.example.smtpserver.controller.FilterAccountController]addFilterAccount
[INFO][22-05-04][com.example.smtpserver.controller.FilterAccountController]getFilterAccountList
[INFO][22-05-04][com.example.smtpserver.controller.LogController]getLogList
[INFO][22-05-04][com.example.smtpserver.controller.ServerController]getServerParams
[INFO][22-05-04][com.example.smtpserver.controller.ServerController]getSmtpAndPop3State
[INFO][22-06-04][com.example.smtpserver.controller.ServerController]getServerParams
[INFO][22-06-04][com.example.smtpserver.controller.ServerController]getSmtpAndPop3State
[INFO][22-07-04][com.example.smtpserver.controller.ServerController]getServerParams
[INFO][22-07-04][com.example.smtpserver.controller.ServerController]getSmtpAndPop3State
[INFO][22-07-04][com.example.smtpserver.controller.UserController]getUserList
[INFO][22-07-04][com.example.smtpserver.controller.FilterAccountController]getFilterAccountList
[INFO][22-07-04][com.example.smtpserver.controller.LogController]getLogList
[INFO][22-19-04][com.example.smtpserver.controller.LogController]getLogList
[INFO][22-19-04][com.example.smtpserver.controller.LogController]getLogList
[INFO][22-19-04][com.example.smtpserver.controller.LogController]getLogList
[INFO][22-19-04][com.example.smtpserver.controller.LogController]getLogList
[INFO][22-19-04][com.example.smtpserver.controller.LogController]getLogList
[INFO][22-20-04][com.example.smtpserver.controller.LogController]getLogList
[INFO][22-28-04][com.example.smtpserver.controller.UserController]/deleteUser
[INFO][22-28-04][com.example.smtpserver.controller.UserController]/deleteUser
[INFO][22-29-04][com.example.smtpserver.controller.UserController]getUserList
[INFO][22-29-04][com.example.smtpserver.controller.UserController]getUserList
[INFO][22-29-04][com.example.smtpserver.controller.UserController]getUserList
[INFO][22-29-04][com.example.smtpserver.controller.UserController]getUserList
[INFO][22-31-04][com.example.smtpserver.controller.UserController]getUserList
[INFO][22-32-04][com.example.smtpserver.controller.UserController]getUserList
[INFO][22-33-04][com.example.smtpserver.controller.UserController]getUserList
[INFO][22-34-04][com.example.smtpserver.controller.UserController]getUserList
[INFO][22-34-04][com.example.smtpserver.controller.UserController]getUserList
[INFO][22-34-04][com.example.smtpserver.controller.UserController]getUserList
[INFO][22-35-04][com.example.smtpserver.controller.UserController]getUserList
[INFO][22-36-04][com.example.smtpserver.controller.UserController]getUserList
[INFO][22-38-04][com.example.smtpserver.controller.UserController]getUserList
[INFO][22-39-04][com.example.smtpserver.controller.UserController]getUserList
[INFO][22-39-04][com.example.smtpserver.controller.UserController]/deleteUser
[INFO][22-39-04][com.example.smtpserver.controller.UserController]/deleteUser
[INFO][22-39-04][com.example.smtpserver.controller.UserController]/changePassword
[INFO][22-40-04][com.example.smtpserver.controller.LoginController]/login
[INFO][22-40-04][com.example.smtpserver.controller.UserController]getUserList
[INFO][22-44-04][com.example.smtpserver.controller.UserController]getUserList
[INFO][22-56-04][com.example.smtpserver.controller.ServerController]getServerParams
[INFO][22-56-04][com.example.smtpserver.controller.ServerController]getSmtpAndPop3State
[INFO][22-56-04][com.example.smtpserver.controller.FilterAccountController]getFilterAccountList
[INFO][22-56-04][com.example.smtpserver.controller.LogController]getLogList
[INFO][22-56-04][com.example.smtpserver.controller.UserController]getUserList
[INFO][22-59-04][com.example.smtpserver.controller.UserController]getUserList
[INFO][22-00-04][com.example.smtpserver.controller.UserController]getUserList
[INFO][22-13-04][com.example.smtpserver.controller.FilterAccountController]getFilterAccountList
[INFO][22-14-04][com.example.smtpserver.controller.LogController]getLogList
[INFO][22-27-04][com.example.smtpserver.controller.LoginController]/login
[INFO][22-27-04][com.example.smtpserver.controller.UserController]getUserList
[INFO][22-16-13][com.example.smtpserver.smtp.server.SmtpServer]smtp server is running......
[INFO][22-16-13][com.example.smtpserver.pop3.server.Pop3Server]pop3 server is running......
[INFO][22-16-13][com.example.smtpserver.pop3.server.Pop3ServerHandler]2022-05-13 14:16:22: /127.0.0.1:64409è¿žæŽ¥ï¼Œå½“å‰è¿žæŽ¥æ•°ï¼š1
[INFO][22-16-13][com.example.smtpserver.pop3.server.Pop3ServerHandler]2022-05-13 14:16:22: /127.0.0.1:64409å‘é€: user 123456@hnu.com
[INFO][22-16-13][com.example.smtpserver.pop3.server.Pop3ServerHandler]2022-05-13 14:16:22: /127.0.0.1:64409å‘é€: pass fcea920f7412b5da7be0cf42b8c93759
[INFO][22-16-13][com.example.smtpserver.pop3.server.Pop3ServerHandler]2022-05-13 14:16:22: /127.0.0.1:64409å‘é€: stat
[INFO][22-16-13][com.example.smtpserver.pop3.server.Pop3ServerHandler]2022-05-13 14:16:23: /127.0.0.1:64409æ–­å¼€è¿žæŽ¥ï¼Œå‰©ä½™è¿žæŽ¥æ•°ï¼š0
[INFO][22-21-13][com.example.smtpserver.pop3.server.Pop3ServerHandler]2022-05-13 14:21:02: /127.0.0.1:53047è¿žæŽ¥ï¼Œå½“å‰è¿žæŽ¥æ•°ï¼š1
[INFO][22-21-13][com.example.smtpserver.pop3.server.Pop3ServerHandler]2022-05-13 14:21:02: /127.0.0.1:53047å‘é€: user 123456@hnu.com
[INFO][22-21-13][com.example.smtpserver.pop3.server.Pop3ServerHandler]2022-05-13 14:21:02: /127.0.0.1:53047å‘é€: pass fcea920f7412b5da7be0cf42b8c93759
[INFO][22-21-13][com.example.smtpserver.pop3.server.Pop3ServerHandler]2022-05-13 14:21:02: /127.0.0.1:53047å‘é€: stat
[INFO][22-21-13][com.example.smtpserver.pop3.server.Pop3ServerHandler]2022-05-13 14:21:03: /127.0.0.1:53047å‘é€: quit
[INFO][22-21-13][com.example.smtpserver.pop3.server.Pop3ServerHandler]2022-05-13 14:21:03: /127.0.0.1:53047æ–­å¼€è¿žæŽ¥ï¼Œå‰©ä½™è¿žæŽ¥æ•°ï¼š0
[INFO][22-37-13][com.example.smtpserver.pop3.server.Pop3Server]pop3 server is running......
[INFO][22-37-13][com.example.smtpserver.smtp.server.SmtpServer]smtp server is running......
[INFO][22-37-13][com.example.smtpserver.pop3.server.Pop3ServerHandler]2022-05-13 14:37:37: /127.0.0.1:64044è¿žæŽ¥ï¼Œå½“å‰è¿žæŽ¥æ•°ï¼š1
[INFO][22-37-13][com.example.smtpserver.pop3.server.Pop3ServerHandler]2022-05-13 14:37:37: /127.0.0.1:64044å‘é€: user 123456@hnu.com
[INFO][22-37-13][com.example.smtpserver.pop3.server.Pop3ServerHandler]2022-05-13 14:37:37: /127.0.0.1:64044å‘é€: pass fcea920f7412b5da7be0cf42b8c93759
[INFO][22-37-13][com.example.smtpserver.pop3.server.Pop3ServerHandler]2022-05-13 14:37:37: /127.0.0.1:64044å‘é€: stat
[INFO][22-37-13][com.example.smtpserver.pop3.server.Pop3ServerHandler]2022-05-13 14:37:37: /127.0.0.1:64044å‘é€: retr1
[DEBUG][22-37-13][com.example.smtpserver.pop3.server.CommandHandler]com.example.smtpserver.exception.CommandInvalidException: Error: command invalid
[INFO][22-37-13][com.example.smtpserver.pop3.server.Pop3ServerHandler]2022-05-13 14:37:37: /127.0.0.1:64044æ–­å¼€è¿žæŽ¥ï¼Œå‰©ä½™è¿žæŽ¥æ•°ï¼š0
[INFO][22-38-13][com.example.smtpserver.pop3.server.Pop3ServerHandler]2022-05-13 14:38:43: /127.0.0.1:60056è¿žæŽ¥ï¼Œå½“å‰è¿žæŽ¥æ•°ï¼š1
[INFO][22-38-13][com.example.smtpserver.pop3.server.Pop3ServerHandler]2022-05-13 14:38:43: /127.0.0.1:60056å‘é€: user 123456@hnu.com
[INFO][22-38-13][com.example.smtpserver.pop3.server.Pop3ServerHandler]2022-05-13 14:38:43: /127.0.0.1:60056å‘é€: pass fcea920f7412b5da7be0cf42b8c93759
[INFO][22-38-13][com.example.smtpserver.pop3.server.Pop3ServerHandler]2022-05-13 14:38:43: /127.0.0.1:60056å‘é€: stat
[INFO][22-38-13][com.example.smtpserver.pop3.server.Pop3ServerHandler]2022-05-13 14:38:43: /127.0.0.1:60056å‘é€: retr 1
[INFO][22-38-13][com.example.smtpserver.pop3.server.Pop3ServerHandler]2022-05-13 14:38:43: /127.0.0.1:60056æ–­å¼€è¿žæŽ¥ï¼Œå‰©ä½™è¿žæŽ¥æ•°ï¼š0
[INFO][22-41-13][com.example.smtpserver.pop3.server.Pop3ServerHandler]2022-05-13 14:41:51: /127.0.0.1:63521è¿žæŽ¥ï¼Œå½“å‰è¿žæŽ¥æ•°ï¼š1
[INFO][22-41-13][com.example.smtpserver.pop3.server.Pop3ServerHandler]2022-05-13 14:41:51: /127.0.0.1:63521å‘é€: user 123456@hnu.com
[INFO][22-41-13][com.example.smtpserver.pop3.server.Pop3ServerHandler]2022-05-13 14:41:51: /127.0.0.1:63521å‘é€: pass fcea920f7412b5da7be0cf42b8c93759
[INFO][22-41-13][com.example.smtpserver.pop3.server.Pop3ServerHandler]2022-05-13 14:41:51: /127.0.0.1:63521å‘é€: stat
[INFO][22-41-13][com.example.smtpserver.pop3.server.Pop3ServerHandler]2022-05-13 14:41:51: /127.0.0.1:63521å‘é€: retr 1
[INFO][22-41-13][com.example.smtpserver.pop3.server.Pop3ServerHandler]2022-05-13 14:41:51: /127.0.0.1:63521æ–­å¼€è¿žæŽ¥ï¼Œå‰©ä½™è¿žæŽ¥æ•°ï¼š0
[INFO][22-42-13][com.example.smtpserver.pop3.server.Pop3Server]pop3 server is running......
[INFO][22-42-13][com.example.smtpserver.smtp.server.SmtpServer]smtp server is running......
[INFO][22-42-13][com.example.smtpserver.pop3.server.Pop3ServerHandler]2022-05-13 14:42:37: /127.0.0.1:51652è¿žæŽ¥ï¼Œå½“å‰è¿žæŽ¥æ•°ï¼š1
[INFO][22-42-13][com.example.smtpserver.pop3.server.Pop3ServerHandler]2022-05-13 14:42:37: /127.0.0.1:51652å‘é€: user 123456@hnu.com
[INFO][22-42-13][com.example.smtpserver.pop3.server.Pop3ServerHandler]2022-05-13 14:42:37: /127.0.0.1:51652å‘é€: pass fcea920f7412b5da7be0cf42b8c93759
[INFO][22-42-13][com.example.smtpserver.pop3.server.Pop3ServerHandler]2022-05-13 14:42:37: /127.0.0.1:51652å‘é€: stat
[INFO][22-42-13][com.example.smtpserver.pop3.server.Pop3ServerHandler]2022-05-13 14:42:37: /127.0.0.1:51652å‘é€: retr 1
[INFO][22-42-13][com.example.smtpserver.pop3.server.Pop3ServerHandler]2022-05-13 14:42:37: /127.0.0.1:51652æ–­å¼€è¿žæŽ¥ï¼Œå‰©ä½™è¿žæŽ¥æ•°ï¼š0
[INFO][22-52-13][com.example.smtpserver.pop3.server.Pop3ServerHandler]2022-05-13 14:52:39: /127.0.0.1:51741è¿žæŽ¥ï¼Œå½“å‰è¿žæŽ¥æ•°ï¼š1
[INFO][22-52-13][com.example.smtpserver.pop3.server.Pop3ServerHandler]2022-05-13 14:52:39: /127.0.0.1:51741å‘é€: user 123456@hnu.com
[INFO][22-52-13][com.example.smtpserver.pop3.server.Pop3ServerHandler]2022-05-13 14:52:39: /127.0.0.1:51741å‘é€: pass fcea920f7412b5da7be0cf42b8c93759
[INFO][22-52-13][com.example.smtpserver.pop3.server.Pop3ServerHandler]2022-05-13 14:52:39: /127.0.0.1:51741å‘é€: stat
[INFO][22-52-13][com.example.smtpserver.pop3.server.Pop3ServerHandler]2022-05-13 14:52:39: /127.0.0.1:51741å‘é€: retr 1
[INFO][22-52-13][com.example.smtpserver.pop3.server.Pop3ServerHandler]2022-05-13 14:52:39: /127.0.0.1:51741å‘é€: dele 1
[DEBUG][22-52-13][com.example.smtpserver.pop3.server.Pop3ServerHandler]è¿žæŽ¥å‡ºçŽ°å¼‚å¸¸ï¼šä½ çš„ä¸»æœºä¸­çš„è½¯ä»¶ä¸­æ­¢äº†ä¸€ä¸ªå·²å»ºç«‹çš„è¿žæŽ¥ã€‚
[INFO][22-52-13][com.example.smtpserver.pop3.server.Pop3ServerHandler]2022-05-13 14:52:39: /127.0.0.1:51741æ–­å¼€è¿žæŽ¥ï¼Œå‰©ä½™è¿žæŽ¥æ•°ï¼š0
[INFO][22-14-13][com.example.smtpserver.smtp.server.SmtpServer]smtp server is running......
[INFO][22-14-13][com.example.smtpserver.pop3.server.Pop3Server]pop3 server is running......
[INFO][22-14-13][com.example.smtpserver.pop3.server.Pop3ServerHandler]2022-05-13 15:14:39: /127.0.0.1:58607è¿žæŽ¥ï¼Œå½“å‰è¿žæŽ¥æ•°ï¼š1
[INFO][22-14-13][com.example.smtpserver.pop3.server.Pop3ServerHandler]2022-05-13 15:14:39: /127.0.0.1:58607å‘é€: user 123456@hnu.com
[INFO][22-14-13][com.example.smtpserver.pop3.server.Pop3ServerHandler]2022-05-13 15:14:39: /127.0.0.1:58607å‘é€: pass fcea920f7412b5da7be0cf42b8c93759
[INFO][22-14-13][com.example.smtpserver.pop3.server.Pop3ServerHandler]2022-05-13 15:14:39: /127.0.0.1:58607å‘é€: stat
[INFO][22-14-13][com.example.smtpserver.pop3.server.Pop3ServerHandler]2022-05-13 15:14:39: /127.0.0.1:58607å‘é€: retr 1
[INFO][22-14-13][com.example.smtpserver.pop3.server.Pop3ServerHandler]2022-05-13 15:14:39: /127.0.0.1:58607å‘é€: dele 1
[INFO][22-14-13][com.example.smtpserver.pop3.server.Pop3ServerHandler]2022-05-13 15:14:39: /127.0.0.1:58607å‘é€: quit
[INFO][22-14-13][com.example.smtpserver.pop3.server.Pop3ServerHandler]2022-05-13 15:14:39: /127.0.0.1:58607æ–­å¼€è¿žæŽ¥ï¼Œå‰©ä½™è¿žæŽ¥æ•°ï¼š0
